<?xml version="1.0" encoding="UTF-8"?>
<testsuite name="PasswordValidatorTest" tests="3" skipped="0" failures="0" errors="0" timestamp="2023-06-04T08:19:50" hostname="Wooyongui-MacBookAir.local" time="0.044">
  <properties/>
  <testcase name="Doesn't raise an error if password is longer than 8 and shorter than 12" classname="PasswordValidatorTest" time="0.024"/>
  <testcase name="[1] 123456" classname="PasswordValidatorTest" time="0.007"/>
  <testcase name="[2] 1234567899999" classname="PasswordValidatorTest" time="0.001"/>
  <system-out><![CDATA[]]></system-out>
  <system-err><![CDATA[]]></system-err>
</testsuite>
