<?xml version="1.0" encoding="UTF-8"?>
<testsuite name="CalculatorTest" tests="7" skipped="0" failures="0" errors="0" timestamp="2023-06-04T09:02:31" hostname="Wooyongui-MacBookAir.local" time="0.047">
  <properties/>
  <testcase name="Raise an error if user tried to divide it by 0" classname="CalculatorTest" time="0.026"/>
  <testcase name="[1] 1, +, 1, 2" classname="CalculatorTest" time="0.007"/>
  <testcase name="[2] 1, -, 1, 0" classname="CalculatorTest" time="0.0"/>
  <testcase name="[3] 1, *, 2, 2" classname="CalculatorTest" time="0.0"/>
  <testcase name="[4] 4, /, 1, 4" classname="CalculatorTest" time="0.0"/>
  <testcase name="Addition" classname="CalculatorTest" time="0.0"/>
  <testcase name="Subtraction" classname="CalculatorTest" time="0.0"/>
  <system-out><![CDATA[]]></system-out>
  <system-err><![CDATA[]]></system-err>
</testsuite>
