<?xml version="1.0" encoding="UTF-8"?>
<testsuite name="org.example.ReflectionTest" tests="1" skipped="0" failures="0" errors="0" timestamp="2023-06-08T07:50:16" hostname="Wooyongui-MacBookAir.local" time="0.015">
  <properties/>
  <testcase name="loadTest()" classname="org.example.ReflectionTest" time="0.015"/>
  <system-out><![CDATA[16:50:16.136 [Test worker] DEBUG org.example.ReflectionTest - clazz1: class org.example.model.User
16:50:16.139 [Test worker] DEBUG org.example.ReflectionTest - clazz2: class org.example.model.User
16:50:16.139 [Test worker] DEBUG org.example.ReflectionTest - clazz3: class org.example.model.User
]]></system-out>
  <system-err><![CDATA[]]></system-err>
</testsuite>
