<?xml version="1.0" encoding="UTF-8"?>
<testsuite name="org.example.CourseTest" tests="1" skipped="0" failures="0" errors="0" timestamp="2023-06-05T05:42:47" hostname="Wooyongui-MacBookAir.local" time="0.042">
  <properties/>
  <testcase name="Whether the course is created or not" classname="org.example.CourseTest" time="0.042"/>
  <system-out><![CDATA[]]></system-out>
  <system-err><![CDATA[]]></system-err>
</testsuite>
