<?xml version="1.0" encoding="UTF-8"?>
<testsuite name="org.example.GradeCalculatorTest" tests="1" skipped="0" failures="0" errors="0" timestamp="2023-06-05T06:08:22" hostname="Wooyongui-MacBookAir.local" time="0.043">
  <properties/>
  <testcase name="Checking the functionality of grade" classname="org.example.GradeCalculatorTest" time="0.043"/>
  <system-out><![CDATA[]]></system-out>
  <system-err><![CDATA[]]></system-err>
</testsuite>
